<?xml version="1.0" encoding="UTF-8"?>
<!-- Generated by org.testng.reporters.JUnitReportReporter -->
<testsuite skipped="0" hostname="DESKTOP-OB1OE1J" name="com.nitara.AccountManagement.Login" tests="1" failures="0" timestamp="2022-05-29T17:51:56 IST" time="33.982" errors="0">
  <testcase name="Login_ValidData" time="33.982" classname="com.nitara.AccountManagement.Login"/>
  <system-out/>
</testsuite> <!-- com.nitara.AccountManagement.Login -->
